TN:
SF:src/config.ts
FNF:0
FNH:0
DA:1,4
DA:3,4
DA:4,4
DA:5,4
DA:6,4
DA:7,4
DA:9,4
DA:10,4
DA:13,4
DA:14,4
DA:15,4
DA:16,4
DA:17,4
DA:18,4
DA:19,4
LF:15
LH:15
BRF:0
BRH:0
end_of_record
TN:
SF:src/commands/_sample.ts
FN:8,(anonymous_7)
FN:8,(anonymous_8)
FNF:2
FNH:0
FNDA:0,(anonymous_7)
FNDA:0,(anonymous_8)
DA:1,0
DA:3,0
DA:8,0
LF:3
LH:0
BRF:0
BRH:0
end_of_record
TN:
SF:src/commands/member/drawTeams.ts
FN:15,(anonymous_7)
FN:15,(anonymous_8)
FN:16,shuffle
FN:27,(anonymous_10)
FN:28,(anonymous_11)
FN:29,(anonymous_12)
FN:37,(anonymous_13)
FN:42,(anonymous_14)
FN:43,(anonymous_15)
FN:49,(anonymous_16)
FN:51,(anonymous_17)
FN:67,(anonymous_18)
FN:69,(anonymous_19)
FNF:13
FNH:13
FNDA:6,(anonymous_7)
FNDA:6,(anonymous_8)
FNDA:8,shuffle
FNDA:38,(anonymous_10)
FNDA:38,(anonymous_11)
FNDA:30,(anonymous_12)
FNDA:30,(anonymous_13)
FNDA:30,(anonymous_14)
FNDA:30,(anonymous_15)
FNDA:6,(anonymous_16)
FNDA:2,(anonymous_17)
FNDA:6,(anonymous_18)
FNDA:30,(anonymous_19)
DA:1,1
DA:10,1
DA:15,6
DA:17,8
DA:18,8
DA:19,25
DA:20,25
DA:22,8
DA:25,6
DA:27,38
DA:28,38
DA:29,30
DA:31,6
DA:32,2
DA:34,2
DA:37,30
DA:42,30
DA:43,30
DA:45,4
DA:46,4
DA:47,4
DA:49,6
DA:51,4
DA:52,2
DA:53,2
DA:56,4
DA:57,4
DA:58,28
DA:59,2
DA:62,28
DA:65,4
DA:67,4
DA:68,6
DA:69,30
DA:73,4
LF:35
LH:35
BRDA:31,0,0,2
BRDA:31,0,1,4
BRF:2
BRH:2
end_of_record
TN:
SF:src/commands/member/markAll.ts
FN:8,(anonymous_7)
FN:8,(anonymous_8)
FN:15,(anonymous_9)
FN:17,(anonymous_10)
FNF:4
FNH:4
FNDA:4,(anonymous_7)
FNDA:4,(anonymous_8)
FNDA:8,(anonymous_9)
FNDA:8,(anonymous_10)
DA:1,1
DA:3,1
DA:8,4
DA:9,4
DA:11,4
DA:12,1
DA:15,8
DA:17,8
DA:19,3
DA:21,3
DA:23,3
DA:24,3
DA:27,3
DA:28,1
LF:14
LH:14
BRDA:11,0,0,1
BRDA:11,0,1,3
BRDA:11,1,0,0
BRDA:11,1,1,4
BRDA:11,2,0,4
BRDA:11,2,1,4
BRDA:23,3,0,3
BRDA:23,3,1,0
BRDA:27,4,0,1
BRDA:27,4,1,2
BRF:10
BRH:8
end_of_record
TN:
SF:src/commands/member/ping.ts
FN:8,(anonymous_7)
FN:8,(anonymous_8)
FNF:2
FNH:2
FNDA:1,(anonymous_7)
FNDA:1,(anonymous_8)
DA:1,1
DA:3,1
DA:8,1
DA:9,1
DA:10,1
LF:5
LH:5
BRF:0
BRH:0
end_of_record
TN:
SF:src/commands/member/templateList.ts
FN:15,(anonymous_7)
FN:15,(anonymous_8)
FN:24,getArgs
FNF:3
FNH:3
FNDA:4,(anonymous_7)
FNDA:4,(anonymous_8)
FNDA:3,getArgs
DA:1,1
DA:10,1
DA:15,4
DA:16,4
DA:18,4
DA:19,1
DA:21,1
DA:25,3
DA:26,3
DA:29,3
DA:30,6
DA:31,6
DA:33,6
DA:36,3
DA:39,3
DA:41,3
DA:43,3
LF:17
LH:17
BRDA:18,0,0,1
BRDA:18,0,1,3
BRDA:43,1,0,2
BRDA:43,1,1,1
BRDA:43,2,0,3
BRDA:43,2,1,3
BRDA:43,3,0,2
BRDA:43,3,1,1
BRDA:43,4,0,3
BRDA:43,4,1,3
BRDA:43,5,0,1
BRDA:43,5,1,2
BRDA:43,6,0,3
BRDA:43,6,1,3
BRDA:43,7,0,1
BRDA:43,7,1,2
BRDA:43,8,0,3
BRDA:43,8,1,3
BRF:18
BRH:18
end_of_record
TN:
SF:src/errors/DangerError.ts
FN:2,(anonymous_0)
FNF:1
FNH:0
FNDA:0,(anonymous_0)
DA:3,0
DA:4,0
DA:8,0
LF:3
LH:0
BRF:0
BRH:0
end_of_record
TN:
SF:src/errors/InvalidParameterError.ts
FN:2,(anonymous_0)
FNF:1
FNH:0
FNDA:0,(anonymous_0)
DA:3,0
DA:4,0
DA:8,0
LF:3
LH:0
BRF:0
BRH:0
end_of_record
TN:
SF:src/errors/WarningError.ts
FN:2,(anonymous_0)
FNF:1
FNH:0
FNDA:0,(anonymous_0)
DA:3,0
DA:4,0
DA:8,0
LF:3
LH:0
BRF:0
BRH:0
end_of_record
TN:
SF:src/errors/index.ts
FN:6,(anonymous_0)
FN:7,(anonymous_1)
FN:8,(anonymous_2)
FNF:3
FNH:0
FNDA:0,(anonymous_0)
FNDA:0,(anonymous_1)
FNDA:0,(anonymous_2)
DA:1,0
DA:2,0
DA:3,0
DA:6,0
DA:7,0
DA:8,0
LF:6
LH:0
BRF:0
BRH:0
end_of_record
TN:
SF:src/middlewares/checkPermission.ts
FN:1,(anonymous_7)
FN:1,(anonymous_8)
FN:7,(anonymous_9)
FNF:3
FNH:0
FNDA:0,(anonymous_7)
FNDA:0,(anonymous_8)
FNDA:0,(anonymous_9)
DA:1,0
DA:2,0
DA:3,0
DA:6,0
DA:7,0
DA:9,0
DA:10,0
DA:13,0
DA:14,0
DA:16,0
DA:17,0
DA:20,0
DA:21,0
DA:24,0
LF:14
LH:0
BRDA:2,0,0,0
BRDA:2,0,1,0
BRDA:9,1,0,0
BRDA:9,1,1,0
BRDA:13,2,0,0
BRDA:13,2,1,0
BRDA:16,3,0,0
BRDA:16,3,1,0
BRDA:17,4,0,0
BRDA:17,4,1,0
BRDA:20,5,0,0
BRDA:20,5,1,0
BRF:12
BRH:0
end_of_record
TN:
SF:src/middlewares/index.ts
FN:3,(anonymous_0)
FN:4,(anonymous_1)
FNF:2
FNH:0
FNDA:0,(anonymous_0)
FNDA:0,(anonymous_1)
DA:1,0
DA:3,0
DA:4,0
DA:5,0
DA:9,0
DA:10,0
LF:6
LH:0
BRDA:5,0,0,0
BRDA:5,0,1,0
BRF:2
BRH:0
end_of_record
TN:
SF:src/middlewares/onMessagesUpsert.ts
FN:4,(anonymous_7)
FN:4,(anonymous_8)
FNF:2
FNH:0
FNDA:0,(anonymous_7)
FNDA:0,(anonymous_8)
DA:1,0
DA:2,0
DA:4,0
DA:5,0
DA:6,0
DA:9,0
DA:10,0
DA:12,0
LF:8
LH:0
BRDA:5,0,0,0
BRDA:5,0,1,0
BRF:2
BRH:0
end_of_record
TN:
SF:src/utils/dynamicCommand.ts
FN:6,(anonymous_7)
FN:6,(anonymous_8)
FNF:2
FNH:0
FNDA:0,(anonymous_7)
FNDA:0,(anonymous_8)
DA:1,0
DA:2,0
DA:3,0
DA:4,0
DA:6,0
DA:7,0
DA:9,0
DA:11,0
DA:12,0
DA:15,0
DA:16,0
DA:19,0
DA:20,0
DA:22,0
DA:24,0
DA:26,0
DA:28,0
DA:30,0
DA:32,0
LF:19
LH:0
BRDA:11,0,0,0
BRDA:11,0,1,0
BRDA:11,1,0,0
BRDA:11,1,1,0
BRDA:15,2,0,0
BRDA:15,2,1,0
BRDA:24,3,0,0
BRDA:24,3,1,0
BRDA:24,3,2,0
BRDA:24,3,3,0
BRF:10
BRH:0
end_of_record
TN:
SF:src/utils/index.ts
FN:14,(anonymous_1)
FN:20,(anonymous_2)
FN:25,(anonymous_3)
FN:27,(anonymous_4)
FN:89,(anonymous_5)
FN:90,(anonymous_6)
FN:95,(anonymous_7)
FN:99,(anonymous_8)
FN:105,(anonymous_9)
FN:109,(anonymous_10)
FN:113,(anonymous_11)
FN:119,(anonymous_12)
FN:123,(anonymous_13)
FN:141,(anonymous_14)
FN:151,(anonymous_15)
FN:156,(anonymous_16)
FN:172,(anonymous_17)
FN:175,(anonymous_18)
FN:176,(anonymous_19)
FN:184,(anonymous_20)
FN:185,(anonymous_21)
FNF:21
FNH:0
FNDA:0,(anonymous_1)
FNDA:0,(anonymous_2)
FNDA:0,(anonymous_3)
FNDA:0,(anonymous_4)
FNDA:0,(anonymous_5)
FNDA:0,(anonymous_6)
FNDA:0,(anonymous_7)
FNDA:0,(anonymous_8)
FNDA:0,(anonymous_9)
FNDA:0,(anonymous_10)
FNDA:0,(anonymous_11)
FNDA:0,(anonymous_12)
FNDA:0,(anonymous_13)
FNDA:0,(anonymous_14)
FNDA:0,(anonymous_15)
FNDA:0,(anonymous_16)
FNDA:0,(anonymous_17)
FNDA:0,(anonymous_18)
FNDA:0,(anonymous_19)
FNDA:0,(anonymous_20)
FNDA:0,(anonymous_21)
DA:1,0
DA:2,0
DA:3,0
DA:4,0
DA:14,0
DA:15,0
DA:20,0
DA:21,0
DA:25,0
DA:27,0
DA:28,0
DA:29,0
DA:30,0
DA:31,0
DA:34,0
DA:39,0
DA:40,0
DA:54,0
DA:58,0
DA:63,0
DA:68,0
DA:69,0
DA:71,0
DA:76,0
DA:89,0
DA:90,0
DA:91,0
DA:93,0
DA:95,0
DA:99,0
DA:100,0
DA:105,0
DA:106,0
DA:109,0
DA:110,0
DA:113,0
DA:114,0
DA:116,0
DA:119,0
DA:120,0
DA:123,0
DA:124,0
DA:141,0
DA:142,0
DA:144,0
DA:145,0
DA:147,0
DA:148,0
DA:149,0
DA:151,0
DA:152,0
DA:154,0
DA:156,0
DA:159,0
DA:160,0
DA:161,0
DA:162,0
DA:166,0
DA:172,0
DA:173,0
DA:175,0
DA:176,0
DA:178,0
DA:180,0
DA:181,0
DA:182,0
DA:184,0
DA:186,0
DA:189,0
DA:192,0
DA:196,0
DA:197,0
DA:198,0
DA:199,0
DA:200,0
DA:201,0
DA:202,0
DA:203,0
DA:204,0
DA:205,0
DA:206,0
DA:207,0
LF:82
LH:0
BRDA:28,0,0,0
BRDA:28,0,1,0
BRDA:28,1,0,0
BRDA:28,1,1,0
BRDA:29,2,0,0
BRDA:29,2,1,0
BRDA:29,3,0,0
BRDA:29,3,1,0
BRDA:30,4,0,0
BRDA:30,4,1,0
BRDA:30,5,0,0
BRDA:30,5,1,0
BRDA:30,6,0,0
BRDA:30,6,1,0
BRDA:30,7,0,0
BRDA:30,7,1,0
BRDA:31,8,0,0
BRDA:31,8,1,0
BRDA:31,9,0,0
BRDA:31,9,1,0
BRDA:31,10,0,0
BRDA:31,10,1,0
BRDA:31,11,0,0
BRDA:31,11,1,0
BRDA:34,12,0,0
BRDA:34,12,1,0
BRDA:34,12,2,0
BRDA:34,12,3,0
BRDA:35,13,0,0
BRDA:35,13,1,0
BRDA:35,14,0,0
BRDA:35,14,1,0
BRDA:39,15,0,0
BRDA:39,15,1,0
BRDA:54,16,0,0
BRDA:54,16,1,0
BRDA:55,17,0,0
BRDA:55,17,1,0
BRDA:55,18,0,0
BRDA:55,18,1,0
BRDA:58,19,0,0
BRDA:58,19,1,0
BRDA:58,20,0,0
BRDA:58,20,1,0
BRDA:59,21,0,0
BRDA:59,21,1,0
BRDA:59,22,0,0
BRDA:59,22,1,0
BRDA:59,23,0,0
BRDA:59,23,1,0
BRDA:59,24,0,0
BRDA:59,24,1,0
BRDA:63,25,0,0
BRDA:63,25,1,0
BRDA:63,26,0,0
BRDA:63,26,1,0
BRDA:63,27,0,0
BRDA:63,27,1,0
BRDA:63,28,0,0
BRDA:63,28,1,0
BRDA:63,29,0,0
BRDA:63,29,1,0
BRDA:63,30,0,0
BRDA:63,30,1,0
BRDA:83,31,0,0
BRDA:83,31,1,0
BRDA:83,32,0,0
BRDA:83,32,1,0
BRDA:83,33,0,0
BRDA:83,33,1,0
BRDA:83,34,0,0
BRDA:83,34,1,0
BRDA:90,35,0,0
BRDA:90,35,1,0
BRDA:101,36,0,0
BRDA:101,36,1,0
BRDA:101,37,0,0
BRDA:101,37,1,0
BRDA:101,38,0,0
BRDA:101,38,1,0
BRDA:101,39,0,0
BRDA:101,39,1,0
BRDA:114,40,0,0
BRDA:114,40,1,0
BRDA:125,41,0,0
BRDA:125,41,1,0
BRDA:125,41,2,0
BRDA:125,41,3,0
BRDA:125,41,4,0
BRDA:125,41,5,0
BRDA:125,42,0,0
BRDA:125,42,1,0
BRDA:125,43,0,0
BRDA:125,43,1,0
BRDA:125,44,0,0
BRDA:125,44,1,0
BRDA:125,45,0,0
BRDA:125,45,1,0
BRDA:126,46,0,0
BRDA:126,46,1,0
BRDA:126,47,0,0
BRDA:126,47,1,0
BRDA:126,48,0,0
BRDA:126,48,1,0
BRDA:126,49,0,0
BRDA:126,49,1,0
BRDA:126,50,0,0
BRDA:126,50,1,0
BRDA:126,51,0,0
BRDA:126,51,1,0
BRDA:126,52,0,0
BRDA:126,52,1,0
BRDA:126,53,0,0
BRDA:126,53,1,0
BRDA:126,54,0,0
BRDA:126,54,1,0
BRDA:126,55,0,0
BRDA:126,55,1,0
BRDA:129,56,0,0
BRDA:129,56,1,0
BRDA:129,57,0,0
BRDA:129,57,1,0
BRDA:129,58,0,0
BRDA:129,58,1,0
BRDA:129,59,0,0
BRDA:129,59,1,0
BRDA:129,60,0,0
BRDA:129,60,1,0
BRDA:129,61,0,0
BRDA:129,61,1,0
BRDA:129,62,0,0
BRDA:129,62,1,0
BRDA:129,63,0,0
BRDA:129,63,1,0
BRDA:130,64,0,0
BRDA:130,64,1,0
BRDA:130,65,0,0
BRDA:130,65,1,0
BRDA:130,66,0,0
BRDA:130,66,1,0
BRDA:130,67,0,0
BRDA:130,67,1,0
BRDA:130,68,0,0
BRDA:130,68,1,0
BRDA:130,69,0,0
BRDA:130,69,1,0
BRDA:130,70,0,0
BRDA:130,70,1,0
BRDA:130,71,0,0
BRDA:130,71,1,0
BRDA:130,72,0,0
BRDA:130,72,1,0
BRDA:130,73,0,0
BRDA:130,73,1,0
BRDA:130,74,0,0
BRDA:130,74,1,0
BRDA:130,75,0,0
BRDA:130,75,1,0
BRDA:130,76,0,0
BRDA:130,76,1,0
BRDA:130,77,0,0
BRDA:130,77,1,0
BRDA:132,78,0,0
BRDA:132,78,1,0
BRDA:132,79,0,0
BRDA:132,79,1,0
BRDA:132,80,0,0
BRDA:132,80,1,0
BRDA:132,81,0,0
BRDA:132,81,1,0
BRDA:132,82,0,0
BRDA:132,82,1,0
BRDA:132,83,0,0
BRDA:132,83,1,0
BRDA:132,84,0,0
BRDA:132,84,1,0
BRDA:132,85,0,0
BRDA:132,85,1,0
BRDA:135,86,0,0
BRDA:135,86,1,0
BRDA:135,87,0,0
BRDA:135,87,1,0
BRDA:135,88,0,0
BRDA:135,88,1,0
BRDA:135,89,0,0
BRDA:135,89,1,0
BRDA:135,90,0,0
BRDA:135,90,1,0
BRDA:135,91,0,0
BRDA:135,91,1,0
BRDA:135,92,0,0
BRDA:135,92,1,0
BRDA:135,93,0,0
BRDA:135,93,1,0
BRDA:135,94,0,0
BRDA:135,94,1,0
BRDA:135,95,0,0
BRDA:135,95,1,0
BRDA:135,96,0,0
BRDA:135,96,1,0
BRDA:135,97,0,0
BRDA:135,97,1,0
BRDA:135,98,0,0
BRDA:135,98,1,0
BRDA:135,99,0,0
BRDA:135,99,1,0
BRDA:148,100,0,0
BRDA:148,100,1,0
BRDA:156,101,0,0
BRDA:156,101,1,0
BRDA:156,102,0,0
BRDA:156,102,1,0
BRDA:159,103,0,0
BRDA:159,103,1,0
BRDA:184,104,0,0
BRDA:184,104,1,0
BRF:216
BRH:0
end_of_record
TN:
SF:src/utils/loadCommonFunctions.ts
FN:4,(anonymous_7)
FN:7,(anonymous_8)
FN:7,(anonymous_9)
FN:21,(anonymous_10)
FN:21,(anonymous_11)
FN:35,(anonymous_12)
FN:35,(anonymous_13)
FN:45,(anonymous_14)
FN:45,(anonymous_15)
FN:53,(anonymous_16)
FN:53,(anonymous_17)
FN:69,(anonymous_18)
FN:69,(anonymous_19)
FN:73,(anonymous_20)
FN:73,(anonymous_21)
FN:77,(anonymous_22)
FN:77,(anonymous_23)
FN:81,(anonymous_24)
FN:81,(anonymous_25)
FN:85,(anonymous_26)
FN:85,(anonymous_27)
FN:90,(anonymous_28)
FN:90,(anonymous_29)
FN:95,(anonymous_30)
FN:95,(anonymous_31)
FNF:25
FNH:0
FNDA:0,(anonymous_7)
FNDA:0,(anonymous_8)
FNDA:0,(anonymous_9)
FNDA:0,(anonymous_10)
FNDA:0,(anonymous_11)
FNDA:0,(anonymous_12)
FNDA:0,(anonymous_13)
FNDA:0,(anonymous_14)
FNDA:0,(anonymous_15)
FNDA:0,(anonymous_16)
FNDA:0,(anonymous_17)
FNDA:0,(anonymous_18)
FNDA:0,(anonymous_19)
FNDA:0,(anonymous_20)
FNDA:0,(anonymous_21)
FNDA:0,(anonymous_22)
FNDA:0,(anonymous_23)
FNDA:0,(anonymous_24)
FNDA:0,(anonymous_25)
FNDA:0,(anonymous_26)
FNDA:0,(anonymous_27)
FNDA:0,(anonymous_28)
FNDA:0,(anonymous_29)
FNDA:0,(anonymous_30)
FNDA:0,(anonymous_31)
DA:1,0
DA:2,0
DA:4,0
DA:5,0
DA:7,0
DA:8,0
DA:10,0
DA:11,0
DA:14,0
DA:21,0
DA:22,0
DA:24,0
DA:25,0
DA:28,0
DA:35,0
DA:36,0
DA:45,0
DA:46,0
DA:47,0
DA:50,0
DA:53,0
DA:54,0
DA:55,0
DA:58,0
DA:59,0
DA:62,0
DA:63,0
DA:64,0
DA:65,0
DA:67,0
DA:69,0
DA:70,0
DA:73,0
DA:74,0
DA:77,0
DA:78,0
DA:81,0
DA:82,0
DA:85,0
DA:86,0
DA:87,0
DA:90,0
DA:91,0
DA:92,0
DA:95,0
DA:96,0
DA:97,0
DA:100,0
LF:48
LH:0
BRDA:10,0,0,0
BRDA:10,0,1,0
BRDA:10,1,0,0
BRDA:10,1,1,0
BRDA:10,2,0,0
BRDA:10,2,1,0
BRDA:24,3,0,0
BRDA:24,3,1,0
BRDA:24,4,0,0
BRDA:24,4,1,0
BRDA:24,5,0,0
BRDA:24,5,1,0
BRDA:45,6,0,0
BRDA:46,7,0,0
BRDA:46,7,1,0
BRDA:53,8,0,0
BRDA:54,9,0,0
BRDA:54,9,1,0
BRDA:59,10,0,0
BRDA:59,10,1,0
BRDA:59,11,0,0
BRDA:59,11,1,0
BRDA:59,12,0,0
BRDA:59,12,1,0
BRDA:67,13,0,0
BRDA:67,13,1,0
BRDA:67,14,0,0
BRDA:67,14,1,0
BRF:28
BRH:0
end_of_record
